<?xml version="1.0" encoding="UTF-8"?>
<!-- Generated by org.testng.reporters.JUnitReportReporter -->
<testsuite skipped="0" hostname="DESKTOP-P89GF0U" name="com.Actitime.test.CreateCustomer" tests="1" failures="0" timestamp="22 Apr 2020 06:54:13 GMT" time="82.670" errors="0">
  <testcase name="testCreateCustomer" time="82.670" classname="com.Actitime.test.CreateCustomer"/>
</testsuite> <!-- com.Actitime.test.CreateCustomer -->
