<?xml version="1.0" encoding="UTF-8"?>
<!-- Generated by org.testng.reporters.JUnitReportReporter -->
<testsuite skipped="0" hostname="DESKTOP-P89GF0U" name="com.Actitime.test.Demo" tests="1" failures="0" timestamp="18 Apr 2020 07:39:59 GMT" time="23.589" errors="0">
  <testcase name="createcustomer" time="23.589" classname="com.Actitime.test.Demo"/>
</testsuite> <!-- com.Actitime.test.Demo -->
